#Change version after edit templates

Version: 2.1 

Changlog:
-- fix(new-variable) New variable ENV_FOLDER
-- fix(jenkinsfile) Change stage deploy process
-- fix(jenkinsfie&template) Add new template DEV & RC, Change Jenkinsfile for DEV & RC and Change ENV to ENV_FOLDER in Jenkinsfile
-- fix(templates) Efficiency templates
-- fix(sshagent) Add ssh agent in stages k8s-template/Jenkinsfile and k8s-template-beta-prod/Jenkinsfile
-- fix(Jenkinsfile) Change """ to '''

Tue Oct 17 04:40:53 PM WIB 2023
#Change version after edit templates

Version: 2.2

Changelog:
-- fix(new-variable) New variable ENV_FOLDER
-- fix(jenkinsfile) Change stage deploy process
-- fix(jenkinsfie&template) Add new template DEV & RC, Change Jenkinsfile for DEV & RC and Change ENV to ENV_FOLDER in Jenkinsfile
-- fix(templates) Efficiency templates
-- fix(sshagent) Add ssh agent in stages k8s-template/Jenkinsfile and k8s-template-beta-prod/Jenkinsfile
-- fix(Jenkinsfile) Change """ to '''
-- fix(commit) Add CLI Commit
-- fix(bug) Checking folder log push

Tue Oct 17 06:08:22 PM WIB 2023

#Change version after edit templates

Version: 2.2

Changelog:
-- fix(new-variable) New variable ENV_FOLDER
-- fix(jenkinsfile) Change stage deploy process
-- fix(jenkinsfie&template) Add new template DEV & RC, Change Jenkinsfile for DEV & RC and Change ENV to ENV_FOLDER in Jenkinsfile
-- fix(templates) Efficiency templates
-- fix(sshagent) Add ssh agent in stages k8s-template/Jenkinsfile and k8s-template-beta-prod/Jenkinsfile
-- fix(Jenkinsfile) Change """ to '''
-- fix(commit) Add CLI Commit
-- fix(bug) Checking folder log push
-- add(test) test push

Tue Oct 17 06:38:17 PM WIB 2023

#Change version after edit templates

Version: 2.3

Changelog:
-- fix(new-variable) New variable ENV_FOLDER
-- fix(jenkinsfile) Change stage deploy process
-- fix(jenkinsfie&template) Add new template DEV & RC, Change Jenkinsfile for DEV & RC and Change ENV to ENV_FOLDER in Jenkinsfile
-- fix(templates) Efficiency templates
-- fix(sshagent) Add ssh agent in stages k8s-template/Jenkinsfile and k8s-template-beta-prod/Jenkinsfile
-- fix(Jenkinsfile) Change """ to '''
-- fix(commit) Add CLI Commit
-- fix(bug) Checking folder log push
-- add(test) test push
-- fix(build-template) Fixing folder log-push not exist

Tue Oct 17 08:36:40 PM WIB 2023

#Change version after edit templates

Version: 2.4

Changelog:
-- fix(new-variable) New variable ENV_FOLDER
-- fix(jenkinsfile) Change stage deploy process
-- fix(jenkinsfie&template) Add new template DEV & RC, Change Jenkinsfile for DEV & RC and Change ENV to ENV_FOLDER in Jenkinsfile
-- fix(templates) Efficiency templates
-- fix(sshagent) Add ssh agent in stages k8s-template/Jenkinsfile and k8s-template-beta-prod/Jenkinsfile
-- fix(Jenkinsfile) Change """ to '''
-- fix(commit) Add CLI Commit
-- fix(bug) Checking folder log push
-- add(test) test push
-- fix(build-template) Fixing folder log-push not exist
-- fix(bug) fixing tag docker

Wed Oct 18 11:40:19 AM WIB 2023

#Change version after edit templates

Version: 2.5

Changelog:
-- fix(new-variable) New variable ENV_FOLDER
-- fix(jenkinsfile) Change stage deploy process
-- fix(jenkinsfie&template) Add new template DEV & RC, Change Jenkinsfile for DEV & RC and Change ENV to ENV_FOLDER in Jenkinsfile
-- fix(templates) Efficiency templates
-- fix(sshagent) Add ssh agent in stages k8s-template/Jenkinsfile and k8s-template-beta-prod/Jenkinsfile
-- fix(Jenkinsfile) Change """ to '''
-- fix(commit) Add CLI Commit
-- fix(bug) Checking folder log push
-- add(test) test push
-- fix(build-template) Fixing folder log-push not exist
-- fix(bug) fixing tag docker
-- fix(bug) Create folder log-push in template build pushcommit

Fri Oct 20 10:47:15 AM WIB 2023

#Change version after edit templates

Version: 2.6

Changelog:
-- fix(new-variable) New variable ENV_FOLDER
-- fix(jenkinsfile) Change stage deploy process
-- fix(jenkinsfie&template) Add new template DEV & RC, Change Jenkinsfile for DEV & RC and Change ENV to ENV_FOLDER in Jenkinsfile
-- fix(templates) Efficiency templates
-- fix(sshagent) Add ssh agent in stages k8s-template/Jenkinsfile and k8s-template-beta-prod/Jenkinsfile
-- fix(Jenkinsfile) Change """ to '''
-- fix(commit) Add CLI Commit
-- fix(bug) Checking folder log push
-- add(test) test push
-- fix(build-template) Fixing folder log-push not exist
-- fix(bug) fixing tag docker
-- fix(bug) Create folder log-push in template build pushcommit

Fri Oct 20 05:12:32 PM WIB 2023

#Change version after edit templates

Version: 2.6

Changelog:
-- fix(new-variable) New variable ENV_FOLDER
-- fix(jenkinsfile) Change stage deploy process
-- fix(jenkinsfie&template) Add new template DEV & RC, Change Jenkinsfile for DEV & RC and Change ENV to ENV_FOLDER in Jenkinsfile
-- fix(templates) Efficiency templates
-- fix(sshagent) Add ssh agent in stages k8s-template/Jenkinsfile and k8s-template-beta-prod/Jenkinsfile
-- fix(Jenkinsfile) Change """ to '''
-- fix(commit) Add CLI Commit
-- fix(bug) Checking folder log push
-- add(test) test push
-- fix(build-template) Fixing folder log-push not exist
-- fix(bug) fixing tag docker
-- fix(bug) Create folder log-push in template build pushcommit

Tue Oct 24 10:00:25 AM WIB 2023

#Change version after edit templates

Version: 2.7

Changelog:
-- fix(new-variable) New variable ENV_FOLDER
-- fix(jenkinsfile) Change stage deploy process
-- fix(jenkinsfie&template) Add new template DEV & RC, Change Jenkinsfile for DEV & RC and Change ENV to ENV_FOLDER in Jenkinsfile
-- fix(templates) Efficiency templates
-- fix(sshagent) Add ssh agent in stages k8s-template/Jenkinsfile and k8s-template-beta-prod/Jenkinsfile
-- fix(Jenkinsfile) Change """ to '''
-- fix(commit) Add CLI Commit
-- fix(bug) Checking folder log push
-- add(test) test push
-- fix(build-template) Fixing folder log-push not exist
-- fix(bug) fixing tag docker
-- fix(bug) Create folder log-push in template build pushcommit
-- fix(delete) delete stage vault send to secret deployment

Tue Oct 24 10:21:12 AM WIB 2023

#Change version after edit templates

Version: 2.7

Changelog:
-- fix(new-variable) New variable ENV_FOLDER
-- fix(jenkinsfile) Change stage deploy process
-- fix(jenkinsfie&template) Add new template DEV & RC, Change Jenkinsfile for DEV & RC and Change ENV to ENV_FOLDER in Jenkinsfile
-- fix(templates) Efficiency templates
-- fix(sshagent) Add ssh agent in stages k8s-template/Jenkinsfile and k8s-template-beta-prod/Jenkinsfile
-- fix(Jenkinsfile) Change """ to '''
-- fix(commit) Add CLI Commit
-- fix(bug) Checking folder log push
-- add(test) test push
-- fix(build-template) Fixing folder log-push not exist
-- fix(bug) fixing tag docker
-- fix(bug) Create folder log-push in template build pushcommit
-- fix(delete) delete stage vault send to secret deployment

Tue Oct 24 10:21:28 AM WIB 2023

#Change version after edit templates

Version: 2.9

Changelog:
-- fix(new-variable) New variable ENV_FOLDER
-- fix(jenkinsfile) Change stage deploy process
-- fix(jenkinsfie&template) Add new template DEV & RC, Change Jenkinsfile for DEV & RC and Change ENV to ENV_FOLDER in Jenkinsfile
-- fix(templates) Efficiency templates
-- fix(sshagent) Add ssh agent in stages k8s-template/Jenkinsfile and k8s-template-beta-prod/Jenkinsfile
-- fix(Jenkinsfile) Change """ to '''
-- fix(commit) Add CLI Commit
-- fix(bug) Checking folder log push
-- add(test) test push
-- fix(build-template) Fixing folder log-push not exist
-- fix(bug) fixing tag docker
-- fix(bug) Create folder log-push in template build pushcommit
-- fix(delete) delete stage vault send to secret deployment
-- fix(add) Mounting env/secret
-- fix(bug) Template DEV and RC

Tue Oct 24 05:37:35 PM WIB 2023

#Change version after edit templates

Version: 2.10

Changelog:
-- fix(new-variable) New variable ENV_FOLDER
-- fix(jenkinsfile) Change stage deploy process
-- fix(jenkinsfie&template) Add new template DEV & RC, Change Jenkinsfile for DEV & RC and Change ENV to ENV_FOLDER in Jenkinsfile
-- fix(templates) Efficiency templates
-- fix(sshagent) Add ssh agent in stages k8s-template/Jenkinsfile and k8s-template-beta-prod/Jenkinsfile
-- fix(Jenkinsfile) Change """ to '''
-- fix(commit) Add CLI Commit
-- fix(bug) Checking folder log push
-- add(test) test push
-- fix(build-template) Fixing folder log-push not exist
-- fix(bug) fixing tag docker
-- fix(bug) Create folder log-push in template build pushcommit
-- fix(delete) delete stage vault send to secret deployment
-- fix(add) Mounting env/secret
-- fix(bug) Template DEV and RC
-- change(name-image) Change format image DEV-RC

Mon Oct 30 10:42:40 AM WIB 2023

#Change version after edit templates

Version: 3.0

Changelog:
-- fix(new-variable) New variable ENV_FOLDER
-- fix(jenkinsfile) Change stage deploy process
-- fix(jenkinsfie&template) Add new template DEV & RC, Change Jenkinsfile for DEV & RC and Change ENV to ENV_FOLDER in Jenkinsfile
-- fix(templates) Efficiency templates
-- fix(sshagent) Add ssh agent in stages k8s-template/Jenkinsfile and k8s-template-beta-prod/Jenkinsfile
-- fix(Jenkinsfile) Change """ to '''
-- fix(commit) Add CLI Commit
-- fix(bug) Checking folder log push
-- add(test) test push
-- fix(build-template) Fixing folder log-push not exist
-- fix(bug) fixing tag docker
-- fix(bug) Create folder log-push in template build pushcommit
-- fix(delete) delete stage vault send to secret deployment
-- fix(add) Mounting env/secret
-- fix(bug) Template DEV and RC
-- change(name-image) Change format image DEV-RC
-- Fix(bug) Change format name image in template pushcommit

Thu Nov  2 01:02:35 PM WIB 2023

#Change version after edit templates

Version: 3.1

Changelog:
-- fix(new-variable) New variable ENV_FOLDER
-- fix(jenkinsfile) Change stage deploy process
-- fix(jenkinsfie&template) Add new template DEV & RC, Change Jenkinsfile for DEV & RC and Change ENV to ENV_FOLDER in Jenkinsfile
-- fix(templates) Efficiency templates
-- fix(sshagent) Add ssh agent in stages k8s-template/Jenkinsfile and k8s-template-beta-prod/Jenkinsfile
-- fix(Jenkinsfile) Change """ to '''
-- fix(commit) Add CLI Commit
-- fix(bug) Checking folder log push
-- add(test) test push
-- fix(build-template) Fixing folder log-push not exist
-- fix(bug) fixing tag docker
-- fix(bug) Create folder log-push in template build pushcommit
-- fix(delete) delete stage vault send to secret deployment
-- fix(add) Mounting env/secret
-- fix(bug) Template DEV and RC
-- change(name-image) Change format image DEV-RC
-- Fix(bug) Change format name image in template pushcommit
-- fix(bug) Checking file log push

Thu Nov  9 10:52:29 AM WIB 2023

#Change version after edit templates

Version: 3.2

Changelog:
-- fix(new-variable) New variable ENV_FOLDER
-- fix(jenkinsfile) Change stage deploy process
-- fix(jenkinsfie&template) Add new template DEV & RC, Change Jenkinsfile for DEV & RC and Change ENV to ENV_FOLDER in Jenkinsfile
-- fix(templates) Efficiency templates
-- fix(sshagent) Add ssh agent in stages k8s-template/Jenkinsfile and k8s-template-beta-prod/Jenkinsfile
-- fix(Jenkinsfile) Change """ to '''
-- fix(commit) Add CLI Commit
-- fix(bug) Checking folder log push
-- add(test) test push
-- fix(build-template) Fixing folder log-push not exist
-- fix(bug) fixing tag docker
-- fix(bug) Create folder log-push in template build pushcommit
-- fix(delete) delete stage vault send to secret deployment
-- fix(add) Mounting env/secret
-- fix(bug) Template DEV and RC
-- change(name-image) Change format image DEV-RC
-- Fix(bug) Change format name image in template pushcommit
-- fix(bug) Checking file log push
-- fix(bug) Checking file log push dev or prod

Thu Nov  9 11:03:50 AM WIB 2023

#Change version after edit templates

Version: 3.3

Changelog:
-- fix(new-variable) New variable ENV_FOLDER
-- fix(jenkinsfile) Change stage deploy process
-- fix(jenkinsfie&template) Add new template DEV & RC, Change Jenkinsfile for DEV & RC and Change ENV to ENV_FOLDER in Jenkinsfile
-- fix(templates) Efficiency templates
-- fix(sshagent) Add ssh agent in stages k8s-template/Jenkinsfile and k8s-template-beta-prod/Jenkinsfile
-- fix(Jenkinsfile) Change """ to '''
-- fix(commit) Add CLI Commit
-- fix(bug) Checking folder log push
-- add(test) test push
-- fix(build-template) Fixing folder log-push not exist
-- fix(bug) fixing tag docker
-- fix(bug) Create folder log-push in template build pushcommit
-- fix(delete) delete stage vault send to secret deployment
-- fix(add) Mounting env/secret
-- fix(bug) Template DEV and RC
-- change(name-image) Change format image DEV-RC
-- Fix(bug) Change format name image in template pushcommit
-- fix(bug) Checking file log push
-- fix(bug) Checking file log push dev or prod
-- fix(bug) Add new push commit devrc and change name image in beta prod push commit

Fri Nov 10 03:52:54 PM WIB 2023

#Change version after edit templates

Version: 3.3

Changelog:
-- fix(new-variable) New variable ENV_FOLDER
-- fix(jenkinsfile) Change stage deploy process
-- fix(jenkinsfie&template) Add new template DEV & RC, Change Jenkinsfile for DEV & RC and Change ENV to ENV_FOLDER in Jenkinsfile
-- fix(templates) Efficiency templates
-- fix(sshagent) Add ssh agent in stages k8s-template/Jenkinsfile and k8s-template-beta-prod/Jenkinsfile
-- fix(Jenkinsfile) Change """ to '''
-- fix(commit) Add CLI Commit
-- fix(bug) Checking folder log push
-- add(test) test push
-- fix(build-template) Fixing folder log-push not exist
-- fix(bug) fixing tag docker
-- fix(bug) Create folder log-push in template build pushcommit
-- fix(delete) delete stage vault send to secret deployment
-- fix(add) Mounting env/secret
-- fix(bug) Template DEV and RC
-- change(name-image) Change format image DEV-RC
-- Fix(bug) Change format name image in template pushcommit
-- fix(bug) Checking file log push
-- fix(bug) Checking file log push dev or prod
-- fix(bug) Add new push commit devrc and change name image in beta prod push commit

Fri Nov 10 04:08:13 PM WIB 2023

#Change version after edit templates

Version: 3.3

Changelog:
-- fix(new-variable) New variable ENV_FOLDER
-- fix(jenkinsfile) Change stage deploy process
-- fix(jenkinsfie&template) Add new template DEV & RC, Change Jenkinsfile for DEV & RC and Change ENV to ENV_FOLDER in Jenkinsfile
-- fix(templates) Efficiency templates
-- fix(sshagent) Add ssh agent in stages k8s-template/Jenkinsfile and k8s-template-beta-prod/Jenkinsfile
-- fix(Jenkinsfile) Change """ to '''
-- fix(commit) Add CLI Commit
-- fix(bug) Checking folder log push
-- add(test) test push
-- fix(build-template) Fixing folder log-push not exist
-- fix(bug) fixing tag docker
-- fix(bug) Create folder log-push in template build pushcommit
-- fix(delete) delete stage vault send to secret deployment
-- fix(add) Mounting env/secret
-- fix(bug) Template DEV and RC
-- change(name-image) Change format image DEV-RC
-- Fix(bug) Change format name image in template pushcommit
-- fix(bug) Checking file log push
-- fix(bug) Checking file log push dev or prod
-- fix(bug) Add new push commit devrc and change name image in beta prod push commit

Fri Nov 10 04:08:44 PM WIB 2023

#Change version after edit templates

Version: 3.4

Changelog:
-- fix(new-variable) New variable ENV_FOLDER
-- fix(jenkinsfile) Change stage deploy process
-- fix(jenkinsfie&template) Add new template DEV & RC, Change Jenkinsfile for DEV & RC and Change ENV to ENV_FOLDER in Jenkinsfile
-- fix(templates) Efficiency templates
-- fix(sshagent) Add ssh agent in stages k8s-template/Jenkinsfile and k8s-template-beta-prod/Jenkinsfile
-- fix(Jenkinsfile) Change """ to '''
-- fix(commit) Add CLI Commit
-- fix(bug) Checking folder log push
-- add(test) test push
-- fix(build-template) Fixing folder log-push not exist
-- fix(bug) fixing tag docker
-- fix(bug) Create folder log-push in template build pushcommit
-- fix(delete) delete stage vault send to secret deployment
-- fix(add) Mounting env/secret
-- fix(bug) Template DEV and RC
-- change(name-image) Change format image DEV-RC
-- Fix(bug) Change format name image in template pushcommit
-- fix(bug) Checking file log push
-- fix(bug) Checking file log push dev or prod
-- fix(bug) Add new push commit devrc and change name image in beta prod push commit
-- fix(pushcommit) Delete pushcommit devrc and change pushcommit betaprod

Fri Nov 10 04:14:51 PM WIB 2023
